Using pre-set license
Built from '2022.3/staging' branch; Version is '2022.3.16f1 (d2c21f0ef2f1) revision 13812255'; Using compiler version '192829333'; Build Type 'Release'
OS: 'Windows 10  (10.0.19045) 64bit Education' Language: 'ko' Physical Memory: 32605 MB
BatchMode: 1, IsHumanControllingUs: 0, StartBugReporterOnCrash: 0, Is64bit: 1, IsPro: 1

COMMAND LINE ARGUMENTS:
C:\Program Files\Unity 2022.3.16f1\Editor\Unity.exe
-adb2
-batchMode
-noUpm
-name
AssetImportWorker2
-projectPath
C:/Users/소찬영/Desktop/RacingGameXD/RaceGameXD
-logFile
Logs/AssetImportWorker2.log
-srvPort
56018
Successfully changed project path to: C:/Users/소찬영/Desktop/RacingGameXD/RaceGameXD
C:/Users/소찬영/Desktop/RacingGameXD/RaceGameXD
[UnityMemory] Configuration Parameters - Can be set up in boot.config
    "memorysetup-bucket-allocator-granularity=16"
    "memorysetup-bucket-allocator-bucket-count=8"
    "memorysetup-bucket-allocator-block-size=33554432"
    "memorysetup-bucket-allocator-block-count=8"
    "memorysetup-main-allocator-block-size=16777216"
    "memorysetup-thread-allocator-block-size=16777216"
    "memorysetup-gfx-main-allocator-block-size=16777216"
    "memorysetup-gfx-thread-allocator-block-size=16777216"
    "memorysetup-cache-allocator-block-size=4194304"
    "memorysetup-typetree-allocator-block-size=2097152"
    "memorysetup-profiler-bucket-allocator-granularity=16"
    "memorysetup-profiler-bucket-allocator-bucket-count=8"
    "memorysetup-profiler-bucket-allocator-block-size=33554432"
    "memorysetup-profiler-bucket-allocator-block-count=8"
    "memorysetup-profiler-allocator-block-size=16777216"
    "memorysetup-profiler-editor-allocator-block-size=1048576"
    "memorysetup-temp-allocator-size-main=16777216"
    "memorysetup-job-temp-allocator-block-size=2097152"
    "memorysetup-job-temp-allocator-block-size-background=1048576"
    "memorysetup-job-temp-allocator-reduction-small-platforms=262144"
    "memorysetup-allocator-temp-initial-block-size-main=262144"
    "memorysetup-allocator-temp-initial-block-size-worker=262144"
    "memorysetup-temp-allocator-size-background-worker=32768"
    "memorysetup-temp-allocator-size-job-worker=262144"
    "memorysetup-temp-allocator-size-preload-manager=33554432"
    "memorysetup-temp-allocator-size-nav-mesh-worker=65536"
    "memorysetup-temp-allocator-size-audio-worker=65536"
    "memorysetup-temp-allocator-size-cloud-worker=32768"
    "memorysetup-temp-allocator-size-gi-baking-worker=262144"
    "memorysetup-temp-allocator-size-gfx=262144"
Player connection [21412] Host "[IP] 192.168.3.129 [Port] 0 [Flags] 2 [Guid] 4017944541 [EditorId] 4017944541 [Version] 1048832 [Id] WindowsEditor(7,DESKTOP-0RD3U42) [Debug] 1 [PackageName] WindowsEditor [ProjectName] Editor" joined multi-casting on [225.0.0.222:54997]...

Player connection [21412] Host "[IP] 192.168.3.129 [Port] 0 [Flags] 2 [Guid] 4017944541 [EditorId] 4017944541 [Version] 1048832 [Id] WindowsEditor(7,DESKTOP-0RD3U42) [Debug] 1 [PackageName] WindowsEditor [ProjectName] Editor" joined alternative multi-casting on [225.0.0.222:34997]...

[Physics::Module] Initialized MultithreadedJobDispatcher with 15 workers.
Refreshing native plugins compatible for Editor in 5.82 ms, found 3 plugins.
Preloading 0 native plugins for Editor in 0.00 ms.
Initialize engine version: 2022.3.16f1 (d2c21f0ef2f1)
[Subsystems] Discovering subsystems at path C:/Program Files/Unity 2022.3.16f1/Editor/Data/Resources/UnitySubsystems
[Subsystems] Discovering subsystems at path C:/Users/소찬영/Desktop/RacingGameXD/RaceGameXD/Assets
GfxDevice: creating device client; threaded=0; jobified=0
Direct3D:
    Version:  Direct3D 11.0 [level 11.1]
    Renderer: NVIDIA GeForce GTX 1650 (ID=0x1f82)
    Vendor:   NVIDIA
    VRAM:     3949 MB
    Driver:   31.0.15.3623
Initialize mono
Mono path[0] = 'C:/Program Files/Unity 2022.3.16f1/Editor/Data/Managed'
Mono path[1] = 'C:/Program Files/Unity 2022.3.16f1/Editor/Data/MonoBleedingEdge/lib/mono/unityjit-win32'
Mono config path = 'C:/Program Files/Unity 2022.3.16f1/Editor/Data/MonoBleedingEdge/etc'
Using monoOptions --debugger-agent=transport=dt_socket,embedding=1,server=y,suspend=n,address=127.0.0.1:56096
Begin MonoManager ReloadAssembly
Registering precompiled unity dll's ...
Register platform support module: C:/Program Files/Unity 2022.3.16f1/Editor/Data/PlaybackEngines/WindowsStandaloneSupport/UnityEditor.WindowsStandalone.Extensions.dll
Registered in 0.003501 seconds.
- Loaded All Assemblies, in  0.228 seconds
Native extension for WindowsStandalone target not found
Mono: successfully reloaded assembly
- Finished resetting the current domain, in  0.191 seconds
Domain Reload Profiling: 418ms
	BeginReloadAssembly (72ms)
		ExecutionOrderSort (0ms)
		DisableScriptedObjects (0ms)
		BackupInstance (0ms)
		ReleaseScriptingObjects (0ms)
		CreateAndSetChildDomain (1ms)
	RebuildCommonClasses (23ms)
	RebuildNativeTypeToScriptingClass (7ms)
	initialDomainReloadingComplete (38ms)
	LoadAllAssembliesAndSetupDomain (87ms)
		LoadAssemblies (70ms)
		RebuildTransferFunctionScriptingTraits (0ms)
		AnalyzeDomain (86ms)
			TypeCache.Refresh (85ms)
				TypeCache.ScanAssembly (76ms)
			ScanForSourceGeneratedMonoScriptInfo (0ms)
			ResolveRequiredComponents (0ms)
	FinalizeReload (191ms)
		ReleaseScriptCaches (0ms)
		RebuildScriptCaches (0ms)
		SetupLoadedEditorAssemblies (149ms)
			LogAssemblyErrors (0ms)
			InitializePlatformSupportModulesInManaged (6ms)
			SetLoadedEditorAssemblies (6ms)
			RefreshPlugins (0ms)
			BeforeProcessingInitializeOnLoad (2ms)
			ProcessInitializeOnLoadAttributes (103ms)
			ProcessInitializeOnLoadMethodAttributes (33ms)
			AfterProcessingInitializeOnLoad (0ms)
			EditorAssembliesLoaded (0ms)
		ExecutionOrderSort2 (0ms)
		AwakeInstancesAfterBackupRestoration (0ms)
========================================================================
Worker process is ready to serve import requests
Begin MonoManager ReloadAssembly
- Loaded All Assemblies, in  0.410 seconds
Refreshing native plugins compatible for Editor in 1.69 ms, found 3 plugins.
Native extension for WindowsStandalone target not found
Package Manager log level set to [2]
[Package Manager] Server::EnsureServerProcessIsRunning -- launch failed, reason: Unity was launched with the -noUpm command-line argument
[Package Manager] UpmClient::Send -- Unable to send message (not connected to UPM process).
[Package Manager] Cannot connect to Unity Package Manager local server
Mono: successfully reloaded assembly
- Finished resetting the current domain, in  0.393 seconds
Domain Reload Profiling: 802ms
	BeginReloadAssembly (100ms)
		ExecutionOrderSort (0ms)
		DisableScriptedObjects (4ms)
		BackupInstance (0ms)
		ReleaseScriptingObjects (0ms)
		CreateAndSetChildDomain (15ms)
	RebuildCommonClasses (22ms)
	RebuildNativeTypeToScriptingClass (7ms)
	initialDomainReloadingComplete (27ms)
	LoadAllAssembliesAndSetupDomain (252ms)
		LoadAssemblies (190ms)
		RebuildTransferFunctionScriptingTraits (0ms)
		AnalyzeDomain (119ms)
			TypeCache.Refresh (104ms)
				TypeCache.ScanAssembly (94ms)
			ScanForSourceGeneratedMonoScriptInfo (11ms)
			ResolveRequiredComponents (3ms)
	FinalizeReload (394ms)
		ReleaseScriptCaches (0ms)
		RebuildScriptCaches (0ms)
		SetupLoadedEditorAssemblies (293ms)
			LogAssemblyErrors (0ms)
			InitializePlatformSupportModulesInManaged (4ms)
			SetLoadedEditorAssemblies (2ms)
			RefreshPlugins (0ms)
			BeforeProcessingInitializeOnLoad (40ms)
			ProcessInitializeOnLoadAttributes (228ms)
			ProcessInitializeOnLoadMethodAttributes (14ms)
			AfterProcessingInitializeOnLoad (4ms)
			EditorAssembliesLoaded (0ms)
		ExecutionOrderSort2 (0ms)
		AwakeInstancesAfterBackupRestoration (4ms)
Launched and connected shader compiler UnityShaderCompiler.exe after 0.03 seconds
Refreshing native plugins compatible for Editor in 3.33 ms, found 3 plugins.
Preloading 0 native plugins for Editor in 0.00 ms.
Unloading 3288 Unused Serialized files (Serialized files now loaded: 0)
Unloading 45 unused Assets / (130.8 KB). Loaded Objects now: 3765.
Memory consumption went from 140.9 MB to 140.8 MB.
Total: 3.067300 ms (FindLiveObjects: 0.274600 ms CreateObjectMapping: 0.151700 ms MarkObjects: 2.458400 ms  DeleteObjects: 0.181600 ms)

AssetImportParameters requested are different than current active one (requested -> active):
  custom:container-demuxer-ogg: 62fdf1f143b41e24485cea50d1cbac27 -> 
  custom:video-decoder-ogg-theora: a1e56fd34408186e4bbccfd4996cb3dc -> 
  custom:framework-win-MediaFoundation: 216162199b28c13a410421893ffa2e32 -> 
  custom:CustomObjectIndexerAttribute: 43b350a4d6e6d1791af0b5038c4bea17 -> 
  custom:container-demuxer-webm: 4f35f7cbe854078d1ac9338744f61a02 -> 
  custom:container-muxer-webm: aa71ff27fc2769a1b78a27578f13a17b -> 
  custom:video-decoder-webm-vp8: 9c59270c3fd7afecdb556c50c9e8de78 -> 
  custom:SearchIndexIgnoredProperties: e643bd26f0fe6173181afceb89e7c659 -> 
  custom:AudioImporter_EditorPlatform: d09bf68614088b80899f8185d706f6e7 -> 
  custom:video-encoder-webm-vp8: eb34c28f22e8b96e1ab97ce403110664 -> 
  custom:audio-decoder-ogg-vorbis: bf7c407c2cedff20999df2af8eb42d56 -> 
  custom:audio-encoder-webm-vorbis: bf7c407c2cedff20999df2af8eb42d56 -> 
========================================================================
Received Import Request.
  Time since last request: 37107.531335 seconds.
  path: Assets/Asset/Unity UI Samples/Models/vehicle_rcFlyer_clean.fbx
  artifactKey: Guid(dd8c80a5a447f04418da146781b05fd8) Importer(815301076,1909f56bfc062723c751e8b465ee728b)
Start importing Assets/Asset/Unity UI Samples/Models/vehicle_rcFlyer_clean.fbx using Guid(dd8c80a5a447f04418da146781b05fd8) Importer(815301076,1909f56bfc062723c751e8b465ee728b)  -> (artifact id: '690720c275ae28a355d3a1b56b33141e') in 0.174168 seconds
Number of updated asset objects reloaded before import = 0
Number of asset objects unloaded after import = 31
========================================================================
Received Import Request.
  Time since last request: 3.126436 seconds.
  path: Assets/Asset/Unity UI Samples/Prefabs/SF Button.prefab
  artifactKey: Guid(05a81c3d5091440058129444d28322f3) Importer(815301076,1909f56bfc062723c751e8b465ee728b)
Start importing Assets/Asset/Unity UI Samples/Prefabs/SF Button.prefab using Guid(05a81c3d5091440058129444d28322f3) Importer(815301076,1909f56bfc062723c751e8b465ee728b)  -> (artifact id: '43bb97f61046cf005bf34650db87970d') in 0.006297 seconds
Number of updated asset objects reloaded before import = 0
Number of asset objects unloaded after import = 18
========================================================================
Received Import Request.
  Time since last request: 0.001055 seconds.
  path: Assets/Asset/Unity UI Samples/Prefabs/SF Scene Elements.prefab
  artifactKey: Guid(7461a7b0cf97947fd9b9e4502fd2d07b) Importer(815301076,1909f56bfc062723c751e8b465ee728b)
Start importing Assets/Asset/Unity UI Samples/Prefabs/SF Scene Elements.prefab using Guid(7461a7b0cf97947fd9b9e4502fd2d07b) Importer(815301076,1909f56bfc062723c751e8b465ee728b)  -> (artifact id: '9516e3cfd73fb7b4a75774bf50d587e3') in 0.073671 seconds
Number of updated asset objects reloaded before import = 0
Number of asset objects unloaded after import = 19
========================================================================
Received Import Request.
  Time since last request: 2.597961 seconds.
  path: Assets/Asset/Unity UI Samples/Textures and Sprites/RenderTexture.renderTexture
  artifactKey: Guid(b0eb721fa5d008e4283a54ab605d0bf4) Importer(815301076,1909f56bfc062723c751e8b465ee728b)
Start importing Assets/Asset/Unity UI Samples/Textures and Sprites/RenderTexture.renderTexture using Guid(b0eb721fa5d008e4283a54ab605d0bf4) Importer(815301076,1909f56bfc062723c751e8b465ee728b)  -> (artifact id: '2a1c02b493e6d1cf835f2c2367dc9728') in 0.019783 seconds
Number of updated asset objects reloaded before import = 0
Number of asset objects unloaded after import = 2
========================================================================
Received Import Request.
  Time since last request: 2.735639 seconds.
  path: Assets/Asset/Unity UI Samples/Fonts/Jupiter/Jupiter.ttf
  artifactKey: Guid(7cb2912222469634ba17a77055919ea8) Importer(815301076,1909f56bfc062723c751e8b465ee728b)
Start importing Assets/Asset/Unity UI Samples/Fonts/Jupiter/Jupiter.ttf using Guid(7cb2912222469634ba17a77055919ea8) Importer(815301076,1909f56bfc062723c751e8b465ee728b)  -> (artifact id: '76dc8c8905bd817030b166408b5e4967') in 0.054755 seconds
Number of updated asset objects reloaded before import = 0
Number of asset objects unloaded after import = 4
========================================================================
Received Import Request.
  Time since last request: 3.865629 seconds.
  path: Assets/Asset/Unity UI Samples/Models/Materials/vehicle_rcFlyer_dome_mat.mat
  artifactKey: Guid(27342824cec2ee64ab208b2396c0d82c) Importer(815301076,1909f56bfc062723c751e8b465ee728b)
Start importing Assets/Asset/Unity UI Samples/Models/Materials/vehicle_rcFlyer_dome_mat.mat using Guid(27342824cec2ee64ab208b2396c0d82c) Importer(815301076,1909f56bfc062723c751e8b465ee728b)  -> (artifact id: '50cf5676cbc09393a0b0f8246010c3d2') in 0.017912 seconds
Number of updated asset objects reloaded before import = 0
Number of asset objects unloaded after import = 1
========================================================================
Received Import Request.
  Time since last request: 0.362165 seconds.
  path: Assets/Asset/Unity UI Samples/Models/Textures/vehicle_rcFlyer_dff.tif
  artifactKey: Guid(d56722fd7cc841042bfafe48130cf5d8) Importer(815301076,1909f56bfc062723c751e8b465ee728b)
Start importing Assets/Asset/Unity UI Samples/Models/Textures/vehicle_rcFlyer_dff.tif using Guid(d56722fd7cc841042bfafe48130cf5d8) Importer(815301076,1909f56bfc062723c751e8b465ee728b)  -> (artifact id: 'e2173da7b99c00cfe59a9ce208a27caa') in 0.028865 seconds
Number of updated asset objects reloaded before import = 0
Number of asset objects unloaded after import = 2
========================================================================
Received Import Request.
  Time since last request: 7.294045 seconds.
  path: Assets/Asset/Unity UI Samples
  artifactKey: Guid(cb552ad64d0d7ec47b10bda056b273c0) Importer(815301076,1909f56bfc062723c751e8b465ee728b)
Start importing Assets/Asset/Unity UI Samples using Guid(cb552ad64d0d7ec47b10bda056b273c0) Importer(815301076,1909f56bfc062723c751e8b465ee728b)  -> (artifact id: '3a5a3de91a2359c4a6d1b68082e05b7f') in 0.000534 seconds
Number of updated asset objects reloaded before import = 0
Number of asset objects unloaded after import = 0
========================================================================
Received Import Request.
  Time since last request: 0.561552 seconds.
  path: Assets/Asset/Unity UI Samples/Animation
  artifactKey: Guid(f380765f06574468792284654c96955a) Importer(815301076,1909f56bfc062723c751e8b465ee728b)
Start importing Assets/Asset/Unity UI Samples/Animation using Guid(f380765f06574468792284654c96955a) Importer(815301076,1909f56bfc062723c751e8b465ee728b)  -> (artifact id: '48234e1c82806147798d0757c2d2f37b') in 0.000375 seconds
Number of updated asset objects reloaded before import = 0
Number of asset objects unloaded after import = 0
========================================================================
Received Import Request.
  Time since last request: 0.777027 seconds.
  path: Assets/Asset/Unity UI Samples/Animation/MainMenu
  artifactKey: Guid(34314e90385267f47ad6fc2df40f0d16) Importer(815301076,1909f56bfc062723c751e8b465ee728b)
Start importing Assets/Asset/Unity UI Samples/Animation/MainMenu using Guid(34314e90385267f47ad6fc2df40f0d16) Importer(815301076,1909f56bfc062723c751e8b465ee728b)  -> (artifact id: '3501a4a6da568fe97778c93493bc53fa') in 0.000408 seconds
Number of updated asset objects reloaded before import = 0
Number of asset objects unloaded after import = 0
========================================================================
Received Import Request.
  Time since last request: 6.040748 seconds.
  path: Assets/Asset/Unity UI Samples/Materials
  artifactKey: Guid(a5289e1b1e8a120488785ae4de0f89ee) Importer(815301076,1909f56bfc062723c751e8b465ee728b)
Start importing Assets/Asset/Unity UI Samples/Materials using Guid(a5289e1b1e8a120488785ae4de0f89ee) Importer(815301076,1909f56bfc062723c751e8b465ee728b)  -> (artifact id: '0e9618e3e124ecbd9d3b8091c8774de2') in 0.000403 seconds
Number of updated asset objects reloaded before import = 0
Number of asset objects unloaded after import = 0
========================================================================
Received Import Request.
  Time since last request: 4.801168 seconds.
  path: Assets/Asset/Unity UI Samples/Models
  artifactKey: Guid(f44d0ca8767b76d43a5e1155e7189c0f) Importer(815301076,1909f56bfc062723c751e8b465ee728b)
Start importing Assets/Asset/Unity UI Samples/Models using Guid(f44d0ca8767b76d43a5e1155e7189c0f) Importer(815301076,1909f56bfc062723c751e8b465ee728b)  -> (artifact id: '6876416f33b2feff22c258c3e56d1e41') in 0.000362 seconds
Number of updated asset objects reloaded before import = 0
Number of asset objects unloaded after import = 0
========================================================================
Received Import Request.
  Time since last request: 0.768876 seconds.
  path: Assets/Asset/Unity UI Samples/Models/Materials
  artifactKey: Guid(d8ccdf9e3ac244697bf9b5e32203fa96) Importer(815301076,1909f56bfc062723c751e8b465ee728b)
Start importing Assets/Asset/Unity UI Samples/Models/Materials using Guid(d8ccdf9e3ac244697bf9b5e32203fa96) Importer(815301076,1909f56bfc062723c751e8b465ee728b)  -> (artifact id: '256e5e262d7fbf6bb7874f3a1584f8e6') in 0.000405 seconds
Number of updated asset objects reloaded before import = 0
Number of asset objects unloaded after import = 0
========================================================================
Received Import Request.
  Time since last request: 4.967330 seconds.
  path: Assets/Asset/Unity UI Samples/Prefabs
  artifactKey: Guid(2a148c82c5cc8744a812f2f0f3739664) Importer(815301076,1909f56bfc062723c751e8b465ee728b)
Start importing Assets/Asset/Unity UI Samples/Prefabs using Guid(2a148c82c5cc8744a812f2f0f3739664) Importer(815301076,1909f56bfc062723c751e8b465ee728b)  -> (artifact id: '8cdaa3b8a51e1dd93198e9f4c7c7e988') in 0.000455 seconds
Number of updated asset objects reloaded before import = 0
Number of asset objects unloaded after import = 0
========================================================================
Received Import Request.
  Time since last request: 3.589375 seconds.
  path: Assets/Asset/Unity UI Samples/Textures and Sprites/Decoration/DottedRoundedRect.psd
  artifactKey: Guid(2b4a1682166e4434e8ee7c6f47115b43) Importer(815301076,1909f56bfc062723c751e8b465ee728b)
Start importing Assets/Asset/Unity UI Samples/Textures and Sprites/Decoration/DottedRoundedRect.psd using Guid(2b4a1682166e4434e8ee7c6f47115b43) Importer(815301076,1909f56bfc062723c751e8b465ee728b)  -> (artifact id: 'c7d83bd0f02f62c58ce846c5c0e55372') in 0.031350 seconds
Number of updated asset objects reloaded before import = 0
Number of asset objects unloaded after import = 3
========================================================================
Received Import Request.
  Time since last request: 0.000018 seconds.
  path: Assets/Asset/Unity UI Samples/Textures and Sprites/Decoration/Icon3.png
  artifactKey: Guid(e484876f0cfbe8d46981ae0062b5e77f) Importer(815301076,1909f56bfc062723c751e8b465ee728b)
Start importing Assets/Asset/Unity UI Samples/Textures and Sprites/Decoration/Icon3.png using Guid(e484876f0cfbe8d46981ae0062b5e77f) Importer(815301076,1909f56bfc062723c751e8b465ee728b)  -> (artifact id: '0a3e7a31c96ac97b5577f17925b5aeff') in 0.021577 seconds
Number of updated asset objects reloaded before import = 0
Number of asset objects unloaded after import = 3
========================================================================
Received Import Request.
  Time since last request: 1.660462 seconds.
  path: Assets/Asset/Unity UI Samples/Textures and Sprites/Rounded UI/UIButtonCorner.png
  artifactKey: Guid(f4c899d39b015484a9b4e5464802e401) Importer(815301076,1909f56bfc062723c751e8b465ee728b)
Start importing Assets/Asset/Unity UI Samples/Textures and Sprites/Rounded UI/UIButtonCorner.png using Guid(f4c899d39b015484a9b4e5464802e401) Importer(815301076,1909f56bfc062723c751e8b465ee728b)  -> (artifact id: 'b3669e1309ddef92375d88c1eee2c6cf') in 0.051434 seconds
Number of updated asset objects reloaded before import = 0
Number of asset objects unloaded after import = 3
========================================================================
Received Import Request.
  Time since last request: 0.531680 seconds.
  path: Assets/Asset/Unity UI Samples/Textures and Sprites/SF UI/SF Button.psd
  artifactKey: Guid(9a32a6cc2cb803443983d45d4a513506) Importer(815301076,1909f56bfc062723c751e8b465ee728b)
Start importing Assets/Asset/Unity UI Samples/Textures and Sprites/SF UI/SF Button.psd using Guid(9a32a6cc2cb803443983d45d4a513506) Importer(815301076,1909f56bfc062723c751e8b465ee728b)  -> (artifact id: '77289fc8ff2fc2b22db5be89c4028a47') in 0.034206 seconds
Number of updated asset objects reloaded before import = 0
Number of asset objects unloaded after import = 3
========================================================================
Received Import Request.
  Time since last request: 0.000013 seconds.
  path: Assets/Asset/Unity UI Samples/Textures and Sprites/SF UI/SF Window.psd
  artifactKey: Guid(6858abb4516aae344881bf286b3aac33) Importer(815301076,1909f56bfc062723c751e8b465ee728b)
Start importing Assets/Asset/Unity UI Samples/Textures and Sprites/SF UI/SF Window.psd using Guid(6858abb4516aae344881bf286b3aac33) Importer(815301076,1909f56bfc062723c751e8b465ee728b)  -> (artifact id: '5e411f8ef2b821fa2ecdc23efdc2c734') in 0.033605 seconds
Number of updated asset objects reloaded before import = 0
Number of asset objects unloaded after import = 3
========================================================================
Received Import Request.
  Time since last request: 655.579803 seconds.
  path: Assets/Asset/Unity UI Samples/Textures and Sprites/SF UI/Background/SF Background.png
  artifactKey: Guid(39939fe0b3df2b741aca15c2accaf90a) Importer(815301076,1909f56bfc062723c751e8b465ee728b)
Start importing Assets/Asset/Unity UI Samples/Textures and Sprites/SF UI/Background/SF Background.png using Guid(39939fe0b3df2b741aca15c2accaf90a) Importer(815301076,1909f56bfc062723c751e8b465ee728b)  -> (artifact id: 'ba344ec79feb3e346ba24e05c2691881') in 0.049053 seconds
Number of updated asset objects reloaded before import = 0
Number of asset objects unloaded after import = 3
